2016-02-08 17:13:43,861 INFO  [org.jboss.modules] (main) JBoss Modules version 1.3.3.Final
2016-02-08 17:13:44,879 INFO  [org.jboss.msc] (main) JBoss MSC version 1.2.2.Final
2016-02-08 17:13:45,011 INFO  [org.jboss.as] (MSC service thread 1-8) JBAS015899: WildFly 8.1.0.Final "Kenny" starting
2016-02-08 17:13:45,020 DEBUG [org.jboss.as.config] (MSC service thread 1-8) Configured system properties:
	awt.toolkit = sun.lwawt.macosx.LWCToolkit
	file.encoding = UTF-8
	file.encoding.pkg = sun.io
	file.separator = /
	ftp.nonProxyHosts = local|*.local|169.254/16|*.169.254/16
	gopherProxySet = false
	http.nonProxyHosts = local|*.local|169.254/16|*.169.254/16
	java.awt.graphicsenv = sun.awt.CGraphicsEnvironment
	java.awt.headless = true
	java.awt.printerjob = sun.lwawt.macosx.CPrinterJob
	java.class.path = /Users/user/github/caelum/arquivos/25/wildfly-8.1.0.Final/jboss-modules.jar
	java.class.version = 52.0
	java.endorsed.dirs = /Library/Java/JavaVirtualMachines/jdk1.8.0_66.jdk/Contents/Home/jre/lib/endorsed
	java.ext.dirs = /Users/user/Library/Java/Extensions:/Library/Java/JavaVirtualMachines/jdk1.8.0_66.jdk/Contents/Home/jre/lib/ext:/Library/Java/Extensions:/Network/Library/Java/Extensions:/System/Library/Java/Extensions:/usr/lib/java
	java.home = /Library/Java/JavaVirtualMachines/jdk1.8.0_66.jdk/Contents/Home/jre
	java.io.tmpdir = /var/folders/_h/42bcy3wx7wx38jfxbs_2qtj00000gn/T/
	java.library.path = /Users/user/Library/Java/Extensions:/Library/Java/Extensions:/Network/Library/Java/Extensions:/System/Library/Java/Extensions:/usr/lib/java:.
	java.net.preferIPv4Stack = true
	java.runtime.name = Java(TM) SE Runtime Environment
	java.runtime.version = 1.8.0_66-b17
	java.specification.name = Java Platform API Specification
	java.specification.vendor = Oracle Corporation
	java.specification.version = 1.8
	java.util.logging.manager = org.jboss.logmanager.LogManager
	java.vendor = Oracle Corporation
	java.vendor.url = http://java.oracle.com/
	java.vendor.url.bug = http://bugreport.sun.com/bugreport/
	java.version = 1.8.0_66
	java.vm.info = mixed mode
	java.vm.name = Java HotSpot(TM) 64-Bit Server VM
	java.vm.specification.name = Java Virtual Machine Specification
	java.vm.specification.vendor = Oracle Corporation
	java.vm.specification.version = 1.8
	java.vm.vendor = Oracle Corporation
	java.vm.version = 25.66-b17
	javax.management.builder.initial = org.jboss.as.jmx.PluggableMBeanServerBuilder
	javax.xml.datatype.DatatypeFactory = __redirected.__DatatypeFactory
	javax.xml.parsers.DocumentBuilderFactory = __redirected.__DocumentBuilderFactory
	javax.xml.parsers.SAXParserFactory = __redirected.__SAXParserFactory
	javax.xml.stream.XMLEventFactory = __redirected.__XMLEventFactory
	javax.xml.stream.XMLInputFactory = __redirected.__XMLInputFactory
	javax.xml.stream.XMLOutputFactory = __redirected.__XMLOutputFactory
	javax.xml.transform.TransformerFactory = __redirected.__TransformerFactory
	javax.xml.validation.SchemaFactory:http://www.w3.org/2001/XMLSchema = __redirected.__SchemaFactory
	javax.xml.xpath.XPathFactory:http://java.sun.com/jaxp/xpath/dom = __redirected.__XPathFactory
	jboss.bind.address = localhost
	jboss.bind.address.management = localhost
	jboss.home.dir = /Users/user/github/caelum/arquivos/25/wildfly-8.1.0.Final
	jboss.host.name = users-macbook-air-3
	jboss.modules.dir = /Users/user/github/caelum/arquivos/25/wildfly-8.1.0.Final/modules
	jboss.modules.system.pkgs = org.jboss.byteman
	jboss.node.name = users-macbook-air-3
	jboss.qualified.host.name = users-macbook-air-3.local
	jboss.server.base.dir = /Users/user/github/caelum/arquivos/25/wildfly-8.1.0.Final/standalone
	jboss.server.config.dir = /Users/user/github/caelum/arquivos/25/wildfly-8.1.0.Final/standalone/configuration
	jboss.server.data.dir = /Users/user/github/caelum/arquivos/25/wildfly-8.1.0.Final/standalone/data
	jboss.server.deploy.dir = /Users/user/github/caelum/arquivos/25/wildfly-8.1.0.Final/standalone/data/content
	jboss.server.log.dir = /Users/user/github/caelum/arquivos/25/wildfly-8.1.0.Final/standalone/log
	jboss.server.name = users-macbook-air-3
	jboss.server.persist.config = true
	jboss.server.temp.dir = /Users/user/github/caelum/arquivos/25/wildfly-8.1.0.Final/standalone/tmp
	line.separator = 

	logging.configuration = file:/Users/user/github/caelum/arquivos/25/wildfly-8.1.0.Final/standalone/configuration/logging.properties
	module.path = /Users/user/github/caelum/arquivos/25/wildfly-8.1.0.Final/modules
	org.jboss.boot.log.file = /Users/user/github/caelum/arquivos/25/wildfly-8.1.0.Final/standalone/log/boot.log
	org.jboss.logmanager.nocolor = true
	org.jboss.resolver.warning = true
	org.xml.sax.driver = __redirected.__XMLReaderFactory
	os.arch = x86_64
	os.name = Mac OS X
	os.version = 10.11.2
	path.separator = :
	program.name = JBossTools: WildFly  8.x
	socksNonProxyHosts = local|*.local|169.254/16|*.169.254/16
	sun.arch.data.model = 64
	sun.boot.class.path = /Library/Java/JavaVirtualMachines/jdk1.8.0_66.jdk/Contents/Home/jre/lib/resources.jar:/Library/Java/JavaVirtualMachines/jdk1.8.0_66.jdk/Contents/Home/jre/lib/rt.jar:/Library/Java/JavaVirtualMachines/jdk1.8.0_66.jdk/Contents/Home/jre/lib/sunrsasign.jar:/Library/Java/JavaVirtualMachines/jdk1.8.0_66.jdk/Contents/Home/jre/lib/jsse.jar:/Library/Java/JavaVirtualMachines/jdk1.8.0_66.jdk/Contents/Home/jre/lib/jce.jar:/Library/Java/JavaVirtualMachines/jdk1.8.0_66.jdk/Contents/Home/jre/lib/charsets.jar:/Library/Java/JavaVirtualMachines/jdk1.8.0_66.jdk/Contents/Home/jre/lib/jfr.jar:/Library/Java/JavaVirtualMachines/jdk1.8.0_66.jdk/Contents/Home/jre/classes
	sun.boot.library.path = /Library/Java/JavaVirtualMachines/jdk1.8.0_66.jdk/Contents/Home/jre/lib
	sun.cpu.endian = little
	sun.cpu.isalist = 
	sun.io.unicode.encoding = UnicodeBig
	sun.java.command = org.jboss.modules.Main -mp /Users/user/github/caelum/arquivos/25/wildfly-8.1.0.Final/modules -jaxpmodule javax.xml.jaxp-provider -jaxpmodule javax.xml.jaxp-provider org.jboss.as.standalone -b localhost --server-config=standalone-ha.xml -Djboss.server.base.dir=/Users/user/github/caelum/arquivos/25/wildfly-8.1.0.Final/standalone
	sun.java.launcher = SUN_STANDARD
	sun.jnu.encoding = UTF-8
	sun.management.compiler = HotSpot 64-Bit Tiered Compilers
	sun.os.patch.level = unknown
	sun.rmi.dgc.client.gcInterval = 3600000
	sun.rmi.dgc.server.gcInterval = 3600000
	user.country = US
	user.country.format = GB
	user.dir = /Users/user/github/caelum/arquivos/25/wildfly-8.1.0.Final/bin
	user.home = /Users/user
	user.language = en
	user.name = user
	user.timezone = America/Sao_Paulo
2016-02-08 17:13:45,022 DEBUG [org.jboss.as.config] (MSC service thread 1-8) VM Arguments: -Dprogram.name=JBossTools: WildFly  8.x -Xms64m -Xmx512m -XX:MaxPermSize=256m -Dorg.jboss.resolver.warning=true -Djava.net.preferIPv4Stack=true -Dsun.rmi.dgc.client.gcInterval=3600000 -Dsun.rmi.dgc.server.gcInterval=3600000 -Djboss.modules.system.pkgs=org.jboss.byteman -Djava.awt.headless=true -Dorg.jboss.boot.log.file=/Users/user/github/caelum/arquivos/25/wildfly-8.1.0.Final/standalone/log/boot.log -Dlogging.configuration=file:/Users/user/github/caelum/arquivos/25/wildfly-8.1.0.Final/standalone/configuration/logging.properties -Djboss.home.dir=/Users/user/github/caelum/arquivos/25/wildfly-8.1.0.Final -Dorg.jboss.logmanager.nocolor=true -Djboss.bind.address.management=localhost -Dfile.encoding=UTF-8 
2016-02-08 17:13:47,416 INFO  [org.jboss.as.server] (Controller Boot Thread) JBAS015888: Creating http management service using socket-binding (management-http)
2016-02-08 17:13:47,467 INFO  [org.xnio] (MSC service thread 1-6) XNIO version 3.2.2.Final
2016-02-08 17:13:47,489 INFO  [org.xnio.nio] (MSC service thread 1-6) XNIO NIO Implementation Version 3.2.2.Final
